[debug] [2022-09-15T16:52:18.963Z] ----------------------------------------------------------------------
[debug] [2022-09-15T16:52:18.965Z] Command:       C:\Program Files\nodejs\node.exe C:\Users\bhatt\AppData\Roaming\npm\node_modules\firebase-tools\lib\bin\firebase.js init
[debug] [2022-09-15T16:52:18.965Z] CLI Version:   11.9.0
[debug] [2022-09-15T16:52:18.965Z] Platform:      win32
[debug] [2022-09-15T16:52:18.965Z] Node Version:  v16.14.2
[debug] [2022-09-15T16:52:18.966Z] Time:          Thu Sep 15 2022 22:22:18 GMT+0530 (India Standard Time)
[debug] [2022-09-15T16:52:18.966Z] ----------------------------------------------------------------------
[debug] 
[debug] [2022-09-15T16:52:19.015Z] > command requires scopes: ["email","openid","https://www.googleapis.com/auth/cloudplatformprojects.readonly","https://www.googleapis.com/auth/firebase","https://www.googleapis.com/auth/cloud-platform"]
[debug] [2022-09-15T16:52:19.015Z] > authorizing via signed-in user (bhattaarya192@gmail.com)
[info] 
     ######## #### ########  ######## ########     ###     ######  ########
     ##        ##  ##     ## ##       ##     ##  ##   ##  ##       ##
     ######    ##  ########  ######   ########  #########  ######  ######
     ##        ##  ##    ##  ##       ##     ## ##     ##       ## ##
     ##       #### ##     ## ######## ########  ##     ##  ######  ########

You're about to initialize a Firebase project in this directory:

  C:\Users\bhatt\Downloads\airbnb-clone-master

Before we get started, keep in mind:

  * You are initializing within an existing Firebase project directory

[info] 
=== Project Setup
[info] 
[info] First, let's associate this project directory with a Firebase project.
[info] You can create multiple project aliases by running firebase use --add, 
[info] but for now we'll just set up a default project.
[info] 
[debug] [2022-09-15T16:52:23.890Z] Using project from CLI flag: airbnb-clone-8adcb
[debug] [2022-09-15T16:52:23.891Z] >>> [apiv2][query] GET https://firebase.googleapis.com/v1beta1/projects/airbnb-clone-8adcb [none]
[debug] [2022-09-15T16:52:24.565Z] <<< [apiv2][status] GET https://firebase.googleapis.com/v1beta1/projects/airbnb-clone-8adcb 200
[debug] [2022-09-15T16:52:24.565Z] <<< [apiv2][body] GET https://firebase.googleapis.com/v1beta1/projects/airbnb-clone-8adcb {"projectId":"airbnb-clone-8adcb","projectNumber":"287612037362","displayName":"airbnb-clone","name":"projects/airbnb-clone-8adcb","resources":{"hostingSite":"airbnb-clone-8adcb"},"state":"ACTIVE","etag":"1_a54b1fad-31d0-4ca3-9f38-5fc5ccbb4f9a"}
[info] i  Using project airbnb-clone-8adcb (airbnb-clone) 
[info] 
=== Hosting Setup
[info] 
[info] Your public directory is the folder (relative to your project directory) that
[info] will contain Hosting assets to be uploaded with firebase deploy. If you
[info] have a build process for your assets, use your build's output directory.
[info] 
[debug] [2022-09-15T17:14:28.649Z] Error: kill ENOSYS
    at process.kill (node:internal/process/per_thread:220:13)
    at process.listener (C:\Users\bhatt\AppData\Roaming\npm\node_modules\firebase-tools\node_modules\signal-exit\index.js:95:15)
    at process.emit (node:events:526:28)
[error] 
[error] Error: An unexpected error has occurred.
